The target system is: Darwin - 1 - 
The host system is: Darwin - 16.6.0 - x86_64
Determining if the include file pthread.h exists passed with the following output:
Change Dir: /Users/readdle/Desktop/chromaprint-master2/build.iOS/CMakeFiles/CMakeTmp

Run Build Command:"/usr/bin/xcodebuild" "-project" "CMAKE_TRY_COMPILE.xcodeproj" "build" "-target" "cmTC_ba55b" "-configuration" "Debug"
=== BUILD TARGET cmTC_ba55b OF PROJECT CMAKE_TRY_COMPILE WITH CONFIGURATION Debug ===

Check dependencies
"cmTC_ba55b" isn't code signed but requires entitlements. It is not possible to add entitlements to a binary without signing it.

Write auxiliary files
/bin/mkdir -p /Users/readdle/Desktop/chromaprint-master2/build.iOS/CMakeFiles/CMakeTmp/CMAKE_TRY_COMPILE.build/Debug-iphoneos/cmTC_ba55b.build/Objects-normal/armv7
write-file /Users/readdle/Desktop/chromaprint-master2/build.iOS/CMakeFiles/CMakeTmp/CMAKE_TRY_COMPILE.build/Debug-iphoneos/cmTC_ba55b.build/Objects-normal/armv7/cmTC_ba55b.LinkFileList

Create product structure
/bin/mkdir -p /Users/readdle/Desktop/chromaprint-master2/build.iOS/CMakeFiles/CMakeTmp/Debug/cmTC_ba55b.app

ProcessInfoPlistFile Debug/cmTC_ba55b.app/Info.plist CMakeFiles/cmTC_ba55b.dir/Info.plist
    cd /Users/readdle/Desktop/chromaprint-master2/build.iOS/CMakeFiles/CMakeTmp
    export PATH="/Applications/Xcode.app/Contents/Developer/Platforms/iPhoneOS.platform/Developer/usr/bin:/Applications/Xcode.app/Contents/Developer/usr/bin:/usr/local/bin:/usr/bin:/bin:/usr/sbin:/sbin"
    builtin-infoPlistUtility /Users/readdle/Desktop/chromaprint-master2/build.iOS/CMakeFiles/CMakeTmp/CMakeFiles/cmTC_ba55b.dir/Info.plist -genpkginfo /Users/readdle/Desktop/chromaprint-master2/build.iOS/CMakeFiles/CMakeTmp/Debug/cmTC_ba55b.app/PkgInfo -expandbuildsettings -format binary -platform iphoneos -o /Users/readdle/Desktop/chromaprint-master2/build.iOS/CMakeFiles/CMakeTmp/Debug/cmTC_ba55b.app/Info.plist

CompileC CMAKE_TRY_COMPILE.build/Debug-iphoneos/cmTC_ba55b.build/Objects-normal/armv7/CheckIncludeFile.o CheckIncludeFile.c normal armv7 c com.apple.compilers.llvm.clang.1_0.compiler
    cd /Users/readdle/Desktop/chromaprint-master2/build.iOS/CMakeFiles/CMakeTmp
    export LANG=en_US.US-ASCII
    export PATH="/Applications/Xcode.app/Contents/Developer/Platforms/iPhoneOS.platform/Developer/usr/bin:/Applications/Xcode.app/Contents/Developer/usr/bin:/usr/local/bin:/usr/bin:/bin:/usr/sbin:/sbin"
    /Applications/Xcode.app/Contents/Developer/Toolchains/XcodeDefault.xctoolchain/usr/bin/clang -x c -arch armv7 -fmessage-length=0 -fdiagnostics-show-note-include-stack -fmacro-backtrace-limit=0 -Wno-trigraphs -fpascal-strings -O0 -Wno-missing-field-initializers -Wno-missing-prototypes -Wno-return-type -Wno-missing-braces -Wparentheses -Wswitch -Wno-unused-function -Wno-unused-label -Wno-unused-parameter -Wno-unused-variable -Wunused-value -Wno-empty-body -Wno-uninitialized -Wno-unknown-pragmas -Wno-shadow -Wno-four-char-constants -Wno-conversion -Wno-constant-conversion -Wno-int-conversion -Wno-bool-conversion -Wno-enum-conversion -Wno-shorten-64-to-32 -Wpointer-sign -Wno-newline-eof -DCMAKE_INTDIR=\"Debug-iphoneos\" -isysroot /Applications/Xcode.app/Contents/Developer/Platforms/iPhoneOS.platform/Developer/SDKs/iPhoneOS10.3.sdk -fstrict-aliasing -Wdeprecated-declarations -miphoneos-version-min=10.3 -g -Wno-sign-conversion -Wno-infinite-recursion -fembed-bitcode-marker -I/Users/readdle/Desktop/chromaprint-master2/build.iOS/CMakeFiles/CMakeTmp/Debug/include -I/Users/readdle/Desktop/chromaprint-master2/build.iOS/CMakeFiles/CMakeTmp/CMAKE_TRY_COMPILE.build/Debug-iphoneos/cmTC_ba55b.build/DerivedSources/armv7 -I/Users/readdle/Desktop/chromaprint-master2/build.iOS/CMakeFiles/CMakeTmp/CMAKE_TRY_COMPILE.build/Debug-iphoneos/cmTC_ba55b.build/DerivedSources -Wmost -Wno-four-char-constants -Wno-unknown-pragmas -F/Users/readdle/Desktop/chromaprint-master2/build.iOS/CMakeFiles/CMakeTmp/Debug -MMD -MT dependencies -MF /Users/readdle/Desktop/chromaprint-master2/build.iOS/CMakeFiles/CMakeTmp/CMAKE_TRY_COMPILE.build/Debug-iphoneos/cmTC_ba55b.build/Objects-normal/armv7/CheckIncludeFile.d --serialize-diagnostics /Users/readdle/Desktop/chromaprint-master2/build.iOS/CMakeFiles/CMakeTmp/CMAKE_TRY_COMPILE.build/Debug-iphoneos/cmTC_ba55b.build/Objects-normal/armv7/CheckIncludeFile.dia -c /Users/readdle/Desktop/chromaprint-master2/build.iOS/CMakeFiles/CMakeTmp/CheckIncludeFile.c -o /Users/readdle/Desktop/chromaprint-master2/build.iOS/CMakeFiles/CMakeTmp/CMAKE_TRY_COMPILE.build/Debug-iphoneos/cmTC_ba55b.build/Objects-normal/armv7/CheckIncludeFile.o

Ld Debug/cmTC_ba55b.app/cmTC_ba55b normal armv7
    cd /Users/readdle/Desktop/chromaprint-master2/build.iOS/CMakeFiles/CMakeTmp
    export IPHONEOS_DEPLOYMENT_TARGET=10.3
    export PATH="/Applications/Xcode.app/Contents/Developer/Platforms/iPhoneOS.platform/Developer/usr/bin:/Applications/Xcode.app/Contents/Developer/usr/bin:/usr/local/bin:/usr/bin:/bin:/usr/sbin:/sbin"
    /Applications/Xcode.app/Contents/Developer/Toolchains/XcodeDefault.xctoolchain/usr/bin/clang -arch armv7 -isysroot /Applications/Xcode.app/Contents/Developer/Platforms/iPhoneOS.platform/Developer/SDKs/iPhoneOS10.3.sdk -L/Users/readdle/Desktop/chromaprint-master2/build.iOS/CMakeFiles/CMakeTmp/Debug -F/Users/readdle/Desktop/chromaprint-master2/build.iOS/CMakeFiles/CMakeTmp/Debug -filelist /Users/readdle/Desktop/chromaprint-master2/build.iOS/CMakeFiles/CMakeTmp/CMAKE_TRY_COMPILE.build/Debug-iphoneos/cmTC_ba55b.build/Objects-normal/armv7/cmTC_ba55b.LinkFileList -miphoneos-version-min=10.3 -dead_strip -Xlinker -object_path_lto -Xlinker /Users/readdle/Desktop/chromaprint-master2/build.iOS/CMakeFiles/CMakeTmp/CMAKE_TRY_COMPILE.build/Debug-iphoneos/cmTC_ba55b.build/Objects-normal/armv7/cmTC_ba55b_lto.o -Xlinker -no_deduplicate -fembed-bitcode-marker -Wl,-headerpad_max_install_names -Xlinker -dependency_info -Xlinker /Users/readdle/Desktop/chromaprint-master2/build.iOS/CMakeFiles/CMakeTmp/CMAKE_TRY_COMPILE.build/Debug-iphoneos/cmTC_ba55b.build/Objects-normal/armv7/cmTC_ba55b_dependency_info.dat -o /Users/readdle/Desktop/chromaprint-master2/build.iOS/CMakeFiles/CMakeTmp/Debug/cmTC_ba55b.app/cmTC_ba55b
ld: warning: -headerpad_max_install_names is ignored when used with -bitcode_bundle (Xcode setting ENABLE_BITCODE=YES)

GenerateDSYMFile Debug/cmTC_ba55b.app.dSYM Debug/cmTC_ba55b.app/cmTC_ba55b
    cd /Users/readdle/Desktop/chromaprint-master2/build.iOS/CMakeFiles/CMakeTmp
    export PATH="/Applications/Xcode.app/Contents/Developer/Platforms/iPhoneOS.platform/Developer/usr/bin:/Applications/Xcode.app/Contents/Developer/usr/bin:/usr/local/bin:/usr/bin:/bin:/usr/sbin:/sbin"
    /Applications/Xcode.app/Contents/Developer/Toolchains/XcodeDefault.xctoolchain/usr/bin/dsymutil /Users/readdle/Desktop/chromaprint-master2/build.iOS/CMakeFiles/CMakeTmp/Debug/cmTC_ba55b.app/cmTC_ba55b -o /Users/readdle/Desktop/chromaprint-master2/build.iOS/CMakeFiles/CMakeTmp/Debug/cmTC_ba55b.app.dSYM

Touch Debug/cmTC_ba55b.app
    cd /Users/readdle/Desktop/chromaprint-master2/build.iOS/CMakeFiles/CMakeTmp
    export PATH="/Applications/Xcode.app/Contents/Developer/Platforms/iPhoneOS.platform/Developer/usr/bin:/Applications/Xcode.app/Contents/Developer/usr/bin:/usr/local/bin:/usr/bin:/bin:/usr/sbin:/sbin"
    /usr/bin/touch -c /Users/readdle/Desktop/chromaprint-master2/build.iOS/CMakeFiles/CMakeTmp/Debug/cmTC_ba55b.app

Validate Debug/cmTC_ba55b.app
    cd /Users/readdle/Desktop/chromaprint-master2/build.iOS/CMakeFiles/CMakeTmp
    export PATH="/Applications/Xcode.app/Contents/Developer/Platforms/iPhoneOS.platform/Developer/usr/bin:/Applications/Xcode.app/Contents/Developer/usr/bin:/usr/local/bin:/usr/bin:/bin:/usr/sbin:/sbin"
    export PRODUCT_TYPE=com.apple.product-type.application
    builtin-validationUtility /Users/readdle/Desktop/chromaprint-master2/build.iOS/CMakeFiles/CMakeTmp/Debug/cmTC_ba55b.app

** BUILD SUCCEEDED **



Determining if the pthread_create exist passed with the following output:
Change Dir: /Users/readdle/Desktop/chromaprint-master2/build.iOS/CMakeFiles/CMakeTmp

Run Build Command:"/usr/bin/xcodebuild" "-project" "CMAKE_TRY_COMPILE.xcodeproj" "build" "-target" "cmTC_dd34e" "-configuration" "Debug"
=== BUILD TARGET cmTC_dd34e OF PROJECT CMAKE_TRY_COMPILE WITH CONFIGURATION Debug ===

Check dependencies
"cmTC_dd34e" isn't code signed but requires entitlements. It is not possible to add entitlements to a binary without signing it.

Write auxiliary files
/bin/mkdir -p /Users/readdle/Desktop/chromaprint-master2/build.iOS/CMakeFiles/CMakeTmp/CMAKE_TRY_COMPILE.build/Debug-iphoneos/cmTC_dd34e.build/Objects-normal/armv7
write-file /Users/readdle/Desktop/chromaprint-master2/build.iOS/CMakeFiles/CMakeTmp/CMAKE_TRY_COMPILE.build/Debug-iphoneos/cmTC_dd34e.build/Objects-normal/armv7/cmTC_dd34e.LinkFileList

Create product structure
/bin/mkdir -p /Users/readdle/Desktop/chromaprint-master2/build.iOS/CMakeFiles/CMakeTmp/Debug/cmTC_dd34e.app

ProcessInfoPlistFile Debug/cmTC_dd34e.app/Info.plist CMakeFiles/cmTC_dd34e.dir/Info.plist
    cd /Users/readdle/Desktop/chromaprint-master2/build.iOS/CMakeFiles/CMakeTmp
    export PATH="/Applications/Xcode.app/Contents/Developer/Platforms/iPhoneOS.platform/Developer/usr/bin:/Applications/Xcode.app/Contents/Developer/usr/bin:/usr/local/bin:/usr/bin:/bin:/usr/sbin:/sbin"
    builtin-infoPlistUtility /Users/readdle/Desktop/chromaprint-master2/build.iOS/CMakeFiles/CMakeTmp/CMakeFiles/cmTC_dd34e.dir/Info.plist -genpkginfo /Users/readdle/Desktop/chromaprint-master2/build.iOS/CMakeFiles/CMakeTmp/Debug/cmTC_dd34e.app/PkgInfo -expandbuildsettings -format binary -platform iphoneos -o /Users/readdle/Desktop/chromaprint-master2/build.iOS/CMakeFiles/CMakeTmp/Debug/cmTC_dd34e.app/Info.plist

CompileC CMAKE_TRY_COMPILE.build/Debug-iphoneos/cmTC_dd34e.build/Objects-normal/armv7/CheckSymbolExists.o CheckSymbolExists.c normal armv7 c com.apple.compilers.llvm.clang.1_0.compiler
    cd /Users/readdle/Desktop/chromaprint-master2/build.iOS/CMakeFiles/CMakeTmp
    export LANG=en_US.US-ASCII
    export PATH="/Applications/Xcode.app/Contents/Developer/Platforms/iPhoneOS.platform/Developer/usr/bin:/Applications/Xcode.app/Contents/Developer/usr/bin:/usr/local/bin:/usr/bin:/bin:/usr/sbin:/sbin"
    /Applications/Xcode.app/Contents/Developer/Toolchains/XcodeDefault.xctoolchain/usr/bin/clang -x c -arch armv7 -fmessage-length=0 -fdiagnostics-show-note-include-stack -fmacro-backtrace-limit=0 -Wno-trigraphs -fpascal-strings -O0 -Wno-missing-field-initializers -Wno-missing-prototypes -Wno-return-type -Wno-missing-braces -Wparentheses -Wswitch -Wno-unused-function -Wno-unused-label -Wno-unused-parameter -Wno-unused-variable -Wunused-value -Wno-empty-body -Wno-uninitialized -Wno-unknown-pragmas -Wno-shadow -Wno-four-char-constants -Wno-conversion -Wno-constant-conversion -Wno-int-conversion -Wno-bool-conversion -Wno-enum-conversion -Wno-shorten-64-to-32 -Wpointer-sign -Wno-newline-eof -DCMAKE_INTDIR=\"Debug-iphoneos\" -isysroot /Applications/Xcode.app/Contents/Developer/Platforms/iPhoneOS.platform/Developer/SDKs/iPhoneOS10.3.sdk -fstrict-aliasing -Wdeprecated-declarations -miphoneos-version-min=10.3 -g -Wno-sign-conversion -Wno-infinite-recursion -fembed-bitcode-marker -I/Users/readdle/Desktop/chromaprint-master2/build.iOS/CMakeFiles/CMakeTmp/Debug/include -I/Users/readdle/Desktop/chromaprint-master2/build.iOS/CMakeFiles/CMakeTmp/CMAKE_TRY_COMPILE.build/Debug-iphoneos/cmTC_dd34e.build/DerivedSources/armv7 -I/Users/readdle/Desktop/chromaprint-master2/build.iOS/CMakeFiles/CMakeTmp/CMAKE_TRY_COMPILE.build/Debug-iphoneos/cmTC_dd34e.build/DerivedSources -Wmost -Wno-four-char-constants -Wno-unknown-pragmas -F/Users/readdle/Desktop/chromaprint-master2/build.iOS/CMakeFiles/CMakeTmp/Debug -MMD -MT dependencies -MF /Users/readdle/Desktop/chromaprint-master2/build.iOS/CMakeFiles/CMakeTmp/CMAKE_TRY_COMPILE.build/Debug-iphoneos/cmTC_dd34e.build/Objects-normal/armv7/CheckSymbolExists.d --serialize-diagnostics /Users/readdle/Desktop/chromaprint-master2/build.iOS/CMakeFiles/CMakeTmp/CMAKE_TRY_COMPILE.build/Debug-iphoneos/cmTC_dd34e.build/Objects-normal/armv7/CheckSymbolExists.dia -c /Users/readdle/Desktop/chromaprint-master2/build.iOS/CMakeFiles/CMakeTmp/CheckSymbolExists.c -o /Users/readdle/Desktop/chromaprint-master2/build.iOS/CMakeFiles/CMakeTmp/CMAKE_TRY_COMPILE.build/Debug-iphoneos/cmTC_dd34e.build/Objects-normal/armv7/CheckSymbolExists.o

Ld Debug/cmTC_dd34e.app/cmTC_dd34e normal armv7
    cd /Users/readdle/Desktop/chromaprint-master2/build.iOS/CMakeFiles/CMakeTmp
    export IPHONEOS_DEPLOYMENT_TARGET=10.3
    export PATH="/Applications/Xcode.app/Contents/Developer/Platforms/iPhoneOS.platform/Developer/usr/bin:/Applications/Xcode.app/Contents/Developer/usr/bin:/usr/local/bin:/usr/bin:/bin:/usr/sbin:/sbin"
    /Applications/Xcode.app/Contents/Developer/Toolchains/XcodeDefault.xctoolchain/usr/bin/clang -arch armv7 -isysroot /Applications/Xcode.app/Contents/Developer/Platforms/iPhoneOS.platform/Developer/SDKs/iPhoneOS10.3.sdk -L/Users/readdle/Desktop/chromaprint-master2/build.iOS/CMakeFiles/CMakeTmp/Debug -F/Users/readdle/Desktop/chromaprint-master2/build.iOS/CMakeFiles/CMakeTmp/Debug -filelist /Users/readdle/Desktop/chromaprint-master2/build.iOS/CMakeFiles/CMakeTmp/CMAKE_TRY_COMPILE.build/Debug-iphoneos/cmTC_dd34e.build/Objects-normal/armv7/cmTC_dd34e.LinkFileList -miphoneos-version-min=10.3 -dead_strip -Xlinker -object_path_lto -Xlinker /Users/readdle/Desktop/chromaprint-master2/build.iOS/CMakeFiles/CMakeTmp/CMAKE_TRY_COMPILE.build/Debug-iphoneos/cmTC_dd34e.build/Objects-normal/armv7/cmTC_dd34e_lto.o -Xlinker -no_deduplicate -fembed-bitcode-marker -Wl,-headerpad_max_install_names -Xlinker -dependency_info -Xlinker /Users/readdle/Desktop/chromaprint-master2/build.iOS/CMakeFiles/CMakeTmp/CMAKE_TRY_COMPILE.build/Debug-iphoneos/cmTC_dd34e.build/Objects-normal/armv7/cmTC_dd34e_dependency_info.dat -o /Users/readdle/Desktop/chromaprint-master2/build.iOS/CMakeFiles/CMakeTmp/Debug/cmTC_dd34e.app/cmTC_dd34e
ld: warning: -headerpad_max_install_names is ignored when used with -bitcode_bundle (Xcode setting ENABLE_BITCODE=YES)

GenerateDSYMFile Debug/cmTC_dd34e.app.dSYM Debug/cmTC_dd34e.app/cmTC_dd34e
    cd /Users/readdle/Desktop/chromaprint-master2/build.iOS/CMakeFiles/CMakeTmp
    export PATH="/Applications/Xcode.app/Contents/Developer/Platforms/iPhoneOS.platform/Developer/usr/bin:/Applications/Xcode.app/Contents/Developer/usr/bin:/usr/local/bin:/usr/bin:/bin:/usr/sbin:/sbin"
    /Applications/Xcode.app/Contents/Developer/Toolchains/XcodeDefault.xctoolchain/usr/bin/dsymutil /Users/readdle/Desktop/chromaprint-master2/build.iOS/CMakeFiles/CMakeTmp/Debug/cmTC_dd34e.app/cmTC_dd34e -o /Users/readdle/Desktop/chromaprint-master2/build.iOS/CMakeFiles/CMakeTmp/Debug/cmTC_dd34e.app.dSYM

Touch Debug/cmTC_dd34e.app
    cd /Users/readdle/Desktop/chromaprint-master2/build.iOS/CMakeFiles/CMakeTmp
    export PATH="/Applications/Xcode.app/Contents/Developer/Platforms/iPhoneOS.platform/Developer/usr/bin:/Applications/Xcode.app/Contents/Developer/usr/bin:/usr/local/bin:/usr/bin:/bin:/usr/sbin:/sbin"
    /usr/bin/touch -c /Users/readdle/Desktop/chromaprint-master2/build.iOS/CMakeFiles/CMakeTmp/Debug/cmTC_dd34e.app

Validate Debug/cmTC_dd34e.app
    cd /Users/readdle/Desktop/chromaprint-master2/build.iOS/CMakeFiles/CMakeTmp
    export PATH="/Applications/Xcode.app/Contents/Developer/Platforms/iPhoneOS.platform/Developer/usr/bin:/Applications/Xcode.app/Contents/Developer/usr/bin:/usr/local/bin:/usr/bin:/bin:/usr/sbin:/sbin"
    export PRODUCT_TYPE=com.apple.product-type.application
    builtin-validationUtility /Users/readdle/Desktop/chromaprint-master2/build.iOS/CMakeFiles/CMakeTmp/Debug/cmTC_dd34e.app

** BUILD SUCCEEDED **


File /Users/readdle/Desktop/chromaprint-master2/build.iOS/CMakeFiles/CMakeTmp/CheckSymbolExists.c:
/* */
#include <pthread.h>

int main(int argc, char** argv)
{
  (void)argv;
#ifndef pthread_create
  return ((int*)(&pthread_create))[argc];
#else
  (void)argc;
  return 0;
#endif
}

Performing C++ SOURCE FILE Test COMPILER_SUPPORTS_CXX11 succeeded with the following output:
Change Dir: /Users/readdle/Desktop/chromaprint-master2/build.iOS/CMakeFiles/CMakeTmp

Run Build Command:"/usr/bin/xcodebuild" "-project" "CMAKE_TRY_COMPILE.xcodeproj" "build" "-target" "cmTC_d5935" "-configuration" "Debug"
=== BUILD TARGET cmTC_d5935 OF PROJECT CMAKE_TRY_COMPILE WITH CONFIGURATION Debug ===

Check dependencies
"cmTC_d5935" isn't code signed but requires entitlements. It is not possible to add entitlements to a binary without signing it.

Write auxiliary files
/bin/mkdir -p /Users/readdle/Desktop/chromaprint-master2/build.iOS/CMakeFiles/CMakeTmp/CMAKE_TRY_COMPILE.build/Debug-iphoneos/cmTC_d5935.build/Objects-normal/armv7
write-file /Users/readdle/Desktop/chromaprint-master2/build.iOS/CMakeFiles/CMakeTmp/CMAKE_TRY_COMPILE.build/Debug-iphoneos/cmTC_d5935.build/Objects-normal/armv7/cmTC_d5935.LinkFileList

Create product structure
/bin/mkdir -p /Users/readdle/Desktop/chromaprint-master2/build.iOS/CMakeFiles/CMakeTmp/Debug/cmTC_d5935.app

ProcessInfoPlistFile Debug/cmTC_d5935.app/Info.plist CMakeFiles/cmTC_d5935.dir/Info.plist
    cd /Users/readdle/Desktop/chromaprint-master2/build.iOS/CMakeFiles/CMakeTmp
    export PATH="/Applications/Xcode.app/Contents/Developer/Platforms/iPhoneOS.platform/Developer/usr/bin:/Applications/Xcode.app/Contents/Developer/usr/bin:/usr/local/bin:/usr/bin:/bin:/usr/sbin:/sbin"
    builtin-infoPlistUtility /Users/readdle/Desktop/chromaprint-master2/build.iOS/CMakeFiles/CMakeTmp/CMakeFiles/cmTC_d5935.dir/Info.plist -genpkginfo /Users/readdle/Desktop/chromaprint-master2/build.iOS/CMakeFiles/CMakeTmp/Debug/cmTC_d5935.app/PkgInfo -expandbuildsettings -format binary -platform iphoneos -o /Users/readdle/Desktop/chromaprint-master2/build.iOS/CMakeFiles/CMakeTmp/Debug/cmTC_d5935.app/Info.plist

CompileC CMAKE_TRY_COMPILE.build/Debug-iphoneos/cmTC_d5935.build/Objects-normal/armv7/src.o src.cxx normal armv7 c++ com.apple.compilers.llvm.clang.1_0.compiler
    cd /Users/readdle/Desktop/chromaprint-master2/build.iOS/CMakeFiles/CMakeTmp
    export LANG=en_US.US-ASCII
    export PATH="/Applications/Xcode.app/Contents/Developer/Platforms/iPhoneOS.platform/Developer/usr/bin:/Applications/Xcode.app/Contents/Developer/usr/bin:/usr/local/bin:/usr/bin:/bin:/usr/sbin:/sbin"
    /Applications/Xcode.app/Contents/Developer/Toolchains/XcodeDefault.xctoolchain/usr/bin/clang -x c++ -arch armv7 -fmessage-length=0 -fdiagnostics-show-note-include-stack -fmacro-backtrace-limit=0 -Wno-trigraphs -fpascal-strings -O0 -Wno-missing-field-initializers -Wno-missing-prototypes -Wno-return-type -Wno-non-virtual-dtor -Wno-overloaded-virtual -Wno-exit-time-destructors -Wno-missing-braces -Wparentheses -Wswitch -Wno-unused-function -Wno-unused-label -Wno-unused-parameter -Wno-unused-variable -Wunused-value -Wno-empty-body -Wno-uninitialized -Wno-unknown-pragmas -Wno-shadow -Wno-four-char-constants -Wno-conversion -Wno-constant-conversion -Wno-int-conversion -Wno-bool-conversion -Wno-enum-conversion -Wno-shorten-64-to-32 -Wno-newline-eof -Wno-c++11-extensions -DCMAKE_INTDIR=\"Debug-iphoneos\" -isysroot /Applications/Xcode.app/Contents/Developer/Platforms/iPhoneOS.platform/Developer/SDKs/iPhoneOS10.3.sdk -fstrict-aliasing -Wdeprecated-declarations -Winvalid-offsetof -miphoneos-version-min=10.3 -g -Wno-sign-conversion -Wno-infinite-recursion -Wno-move -fembed-bitcode-marker -I/Users/readdle/Desktop/chromaprint-master2/build.iOS/CMakeFiles/CMakeTmp/Debug/include -I/Users/readdle/Desktop/chromaprint-master2/build.iOS/CMakeFiles/CMakeTmp/CMAKE_TRY_COMPILE.build/Debug-iphoneos/cmTC_d5935.build/DerivedSources/armv7 -I/Users/readdle/Desktop/chromaprint-master2/build.iOS/CMakeFiles/CMakeTmp/CMAKE_TRY_COMPILE.build/Debug-iphoneos/cmTC_d5935.build/DerivedSources -Wmost -Wno-four-char-constants -Wno-unknown-pragmas -F/Users/readdle/Desktop/chromaprint-master2/build.iOS/CMakeFiles/CMakeTmp/Debug -DCOMPILER_SUPPORTS_CXX11 -std=c++11 -MMD -MT dependencies -MF /Users/readdle/Desktop/chromaprint-master2/build.iOS/CMakeFiles/CMakeTmp/CMAKE_TRY_COMPILE.build/Debug-iphoneos/cmTC_d5935.build/Objects-normal/armv7/src.d --serialize-diagnostics /Users/readdle/Desktop/chromaprint-master2/build.iOS/CMakeFiles/CMakeTmp/CMAKE_TRY_COMPILE.build/Debug-iphoneos/cmTC_d5935.build/Objects-normal/armv7/src.dia -c /Users/readdle/Desktop/chromaprint-master2/build.iOS/CMakeFiles/CMakeTmp/src.cxx -o /Users/readdle/Desktop/chromaprint-master2/build.iOS/CMakeFiles/CMakeTmp/CMAKE_TRY_COMPILE.build/Debug-iphoneos/cmTC_d5935.build/Objects-normal/armv7/src.o

Ld Debug/cmTC_d5935.app/cmTC_d5935 normal armv7
    cd /Users/readdle/Desktop/chromaprint-master2/build.iOS/CMakeFiles/CMakeTmp
    export IPHONEOS_DEPLOYMENT_TARGET=10.3
    export PATH="/Applications/Xcode.app/Contents/Developer/Platforms/iPhoneOS.platform/Developer/usr/bin:/Applications/Xcode.app/Contents/Developer/usr/bin:/usr/local/bin:/usr/bin:/bin:/usr/sbin:/sbin"
    /Applications/Xcode.app/Contents/Developer/Toolchains/XcodeDefault.xctoolchain/usr/bin/clang++ -arch armv7 -isysroot /Applications/Xcode.app/Contents/Developer/Platforms/iPhoneOS.platform/Developer/SDKs/iPhoneOS10.3.sdk -L/Users/readdle/Desktop/chromaprint-master2/build.iOS/CMakeFiles/CMakeTmp/Debug -F/Users/readdle/Desktop/chromaprint-master2/build.iOS/CMakeFiles/CMakeTmp/Debug -filelist /Users/readdle/Desktop/chromaprint-master2/build.iOS/CMakeFiles/CMakeTmp/CMAKE_TRY_COMPILE.build/Debug-iphoneos/cmTC_d5935.build/Objects-normal/armv7/cmTC_d5935.LinkFileList -miphoneos-version-min=10.3 -dead_strip -Xlinker -object_path_lto -Xlinker /Users/readdle/Desktop/chromaprint-master2/build.iOS/CMakeFiles/CMakeTmp/CMAKE_TRY_COMPILE.build/Debug-iphoneos/cmTC_d5935.build/Objects-normal/armv7/cmTC_d5935_lto.o -Xlinker -no_deduplicate -fembed-bitcode-marker -Wl,-headerpad_max_install_names -Xlinker -dependency_info -Xlinker /Users/readdle/Desktop/chromaprint-master2/build.iOS/CMakeFiles/CMakeTmp/CMAKE_TRY_COMPILE.build/Debug-iphoneos/cmTC_d5935.build/Objects-normal/armv7/cmTC_d5935_dependency_info.dat -o /Users/readdle/Desktop/chromaprint-master2/build.iOS/CMakeFiles/CMakeTmp/Debug/cmTC_d5935.app/cmTC_d5935
ld: warning: -headerpad_max_install_names is ignored when used with -bitcode_bundle (Xcode setting ENABLE_BITCODE=YES)

GenerateDSYMFile Debug/cmTC_d5935.app.dSYM Debug/cmTC_d5935.app/cmTC_d5935
    cd /Users/readdle/Desktop/chromaprint-master2/build.iOS/CMakeFiles/CMakeTmp
    export PATH="/Applications/Xcode.app/Contents/Developer/Platforms/iPhoneOS.platform/Developer/usr/bin:/Applications/Xcode.app/Contents/Developer/usr/bin:/usr/local/bin:/usr/bin:/bin:/usr/sbin:/sbin"
    /Applications/Xcode.app/Contents/Developer/Toolchains/XcodeDefault.xctoolchain/usr/bin/dsymutil /Users/readdle/Desktop/chromaprint-master2/build.iOS/CMakeFiles/CMakeTmp/Debug/cmTC_d5935.app/cmTC_d5935 -o /Users/readdle/Desktop/chromaprint-master2/build.iOS/CMakeFiles/CMakeTmp/Debug/cmTC_d5935.app.dSYM

Touch Debug/cmTC_d5935.app
    cd /Users/readdle/Desktop/chromaprint-master2/build.iOS/CMakeFiles/CMakeTmp
    export PATH="/Applications/Xcode.app/Contents/Developer/Platforms/iPhoneOS.platform/Developer/usr/bin:/Applications/Xcode.app/Contents/Developer/usr/bin:/usr/local/bin:/usr/bin:/bin:/usr/sbin:/sbin"
    /usr/bin/touch -c /Users/readdle/Desktop/chromaprint-master2/build.iOS/CMakeFiles/CMakeTmp/Debug/cmTC_d5935.app

Validate Debug/cmTC_d5935.app
    cd /Users/readdle/Desktop/chromaprint-master2/build.iOS/CMakeFiles/CMakeTmp
    export PATH="/Applications/Xcode.app/Contents/Developer/Platforms/iPhoneOS.platform/Developer/usr/bin:/Applications/Xcode.app/Contents/Developer/usr/bin:/usr/local/bin:/usr/bin:/bin:/usr/sbin:/sbin"
    export PRODUCT_TYPE=com.apple.product-type.application
    builtin-validationUtility /Users/readdle/Desktop/chromaprint-master2/build.iOS/CMakeFiles/CMakeTmp/Debug/cmTC_d5935.app

** BUILD SUCCEEDED **


Source file was:
int main() { return 0; }
Determining if the function lrintf exists passed with the following output:
Change Dir: /Users/readdle/Desktop/chromaprint-master2/build.iOS/CMakeFiles/CMakeTmp

Run Build Command:"/usr/bin/xcodebuild" "-project" "CMAKE_TRY_COMPILE.xcodeproj" "build" "-target" "cmTC_8508c" "-configuration" "Debug"
=== BUILD TARGET cmTC_8508c OF PROJECT CMAKE_TRY_COMPILE WITH CONFIGURATION Debug ===

Check dependencies
"cmTC_8508c" isn't code signed but requires entitlements. It is not possible to add entitlements to a binary without signing it.

Write auxiliary files
/bin/mkdir -p /Users/readdle/Desktop/chromaprint-master2/build.iOS/CMakeFiles/CMakeTmp/CMAKE_TRY_COMPILE.build/Debug-iphoneos/cmTC_8508c.build/Objects-normal/armv7
write-file /Users/readdle/Desktop/chromaprint-master2/build.iOS/CMakeFiles/CMakeTmp/CMAKE_TRY_COMPILE.build/Debug-iphoneos/cmTC_8508c.build/Objects-normal/armv7/cmTC_8508c.LinkFileList

Create product structure
/bin/mkdir -p /Users/readdle/Desktop/chromaprint-master2/build.iOS/CMakeFiles/CMakeTmp/Debug/cmTC_8508c.app

ProcessInfoPlistFile Debug/cmTC_8508c.app/Info.plist CMakeFiles/cmTC_8508c.dir/Info.plist
    cd /Users/readdle/Desktop/chromaprint-master2/build.iOS/CMakeFiles/CMakeTmp
    export PATH="/Applications/Xcode.app/Contents/Developer/Platforms/iPhoneOS.platform/Developer/usr/bin:/Applications/Xcode.app/Contents/Developer/usr/bin:/usr/local/bin:/usr/bin:/bin:/usr/sbin:/sbin"
    builtin-infoPlistUtility /Users/readdle/Desktop/chromaprint-master2/build.iOS/CMakeFiles/CMakeTmp/CMakeFiles/cmTC_8508c.dir/Info.plist -genpkginfo /Users/readdle/Desktop/chromaprint-master2/build.iOS/CMakeFiles/CMakeTmp/Debug/cmTC_8508c.app/PkgInfo -expandbuildsettings -format binary -platform iphoneos -o /Users/readdle/Desktop/chromaprint-master2/build.iOS/CMakeFiles/CMakeTmp/Debug/cmTC_8508c.app/Info.plist

CompileC CMAKE_TRY_COMPILE.build/Debug-iphoneos/cmTC_8508c.build/Objects-normal/armv7/CheckFunctionExists.o /usr/local/Cellar/cmake/3.8.2/share/cmake/Modules/CheckFunctionExists.c normal armv7 c com.apple.compilers.llvm.clang.1_0.compiler
    cd /Users/readdle/Desktop/chromaprint-master2/build.iOS/CMakeFiles/CMakeTmp
    export LANG=en_US.US-ASCII
    export PATH="/Applications/Xcode.app/Contents/Developer/Platforms/iPhoneOS.platform/Developer/usr/bin:/Applications/Xcode.app/Contents/Developer/usr/bin:/usr/local/bin:/usr/bin:/bin:/usr/sbin:/sbin"
    /Applications/Xcode.app/Contents/Developer/Toolchains/XcodeDefault.xctoolchain/usr/bin/clang -x c -arch armv7 -fmessage-length=0 -fdiagnostics-show-note-include-stack -fmacro-backtrace-limit=0 -Wno-trigraphs -fpascal-strings -O0 -Wno-missing-field-initializers -Wno-missing-prototypes -Wno-return-type -Wno-missing-braces -Wparentheses -Wswitch -Wno-unused-function -Wno-unused-label -Wno-unused-parameter -Wno-unused-variable -Wunused-value -Wno-empty-body -Wno-uninitialized -Wno-unknown-pragmas -Wno-shadow -Wno-four-char-constants -Wno-conversion -Wno-constant-conversion -Wno-int-conversion -Wno-bool-conversion -Wno-enum-conversion -Wno-shorten-64-to-32 -Wpointer-sign -Wno-newline-eof -DCMAKE_INTDIR=\"Debug-iphoneos\" -isysroot /Applications/Xcode.app/Contents/Developer/Platforms/iPhoneOS.platform/Developer/SDKs/iPhoneOS10.3.sdk -fstrict-aliasing -Wdeprecated-declarations -miphoneos-version-min=10.3 -g -Wno-sign-conversion -Wno-infinite-recursion -fembed-bitcode-marker -I/Users/readdle/Desktop/chromaprint-master2/build.iOS/CMakeFiles/CMakeTmp/Debug/include -I/Users/readdle/Desktop/chromaprint-master2/build.iOS/CMakeFiles/CMakeTmp/CMAKE_TRY_COMPILE.build/Debug-iphoneos/cmTC_8508c.build/DerivedSources/armv7 -I/Users/readdle/Desktop/chromaprint-master2/build.iOS/CMakeFiles/CMakeTmp/CMAKE_TRY_COMPILE.build/Debug-iphoneos/cmTC_8508c.build/DerivedSources -Wmost -Wno-four-char-constants -Wno-unknown-pragmas -F/Users/readdle/Desktop/chromaprint-master2/build.iOS/CMakeFiles/CMakeTmp/Debug -DCHECK_FUNCTION_EXISTS=lrintf -MMD -MT dependencies -MF /Users/readdle/Desktop/chromaprint-master2/build.iOS/CMakeFiles/CMakeTmp/CMAKE_TRY_COMPILE.build/Debug-iphoneos/cmTC_8508c.build/Objects-normal/armv7/CheckFunctionExists.d --serialize-diagnostics /Users/readdle/Desktop/chromaprint-master2/build.iOS/CMakeFiles/CMakeTmp/CMAKE_TRY_COMPILE.build/Debug-iphoneos/cmTC_8508c.build/Objects-normal/armv7/CheckFunctionExists.dia -c /usr/local/Cellar/cmake/3.8.2/share/cmake/Modules/CheckFunctionExists.c -o /Users/readdle/Desktop/chromaprint-master2/build.iOS/CMakeFiles/CMakeTmp/CMAKE_TRY_COMPILE.build/Debug-iphoneos/cmTC_8508c.build/Objects-normal/armv7/CheckFunctionExists.o
/usr/local/Cellar/cmake/3.8.2/share/cmake/Modules/CheckFunctionExists.c:7:3: warning: incompatible redeclaration of library function 'lrintf' [-Wincompatible-library-redeclaration]
  CHECK_FUNCTION_EXISTS(void);
  ^
In file included from <built-in>:345:
<command line>:2:31: note: expanded from here
#define CHECK_FUNCTION_EXISTS lrintf
                              ^
/usr/local/Cellar/cmake/3.8.2/share/cmake/Modules/CheckFunctionExists.c:7:3: note: 'lrintf' is a builtin with type 'long (float)'
In file included from <built-in>:345:
<command line>:2:31: note: expanded from here
#define CHECK_FUNCTION_EXISTS lrintf
                              ^
1 warning generated.

Ld Debug/cmTC_8508c.app/cmTC_8508c normal armv7
    cd /Users/readdle/Desktop/chromaprint-master2/build.iOS/CMakeFiles/CMakeTmp
    export IPHONEOS_DEPLOYMENT_TARGET=10.3
    export PATH="/Applications/Xcode.app/Contents/Developer/Platforms/iPhoneOS.platform/Developer/usr/bin:/Applications/Xcode.app/Contents/Developer/usr/bin:/usr/local/bin:/usr/bin:/bin:/usr/sbin:/sbin"
    /Applications/Xcode.app/Contents/Developer/Toolchains/XcodeDefault.xctoolchain/usr/bin/clang -arch armv7 -isysroot /Applications/Xcode.app/Contents/Developer/Platforms/iPhoneOS.platform/Developer/SDKs/iPhoneOS10.3.sdk -L/Users/readdle/Desktop/chromaprint-master2/build.iOS/CMakeFiles/CMakeTmp/Debug -F/Users/readdle/Desktop/chromaprint-master2/build.iOS/CMakeFiles/CMakeTmp/Debug -filelist /Users/readdle/Desktop/chromaprint-master2/build.iOS/CMakeFiles/CMakeTmp/CMAKE_TRY_COMPILE.build/Debug-iphoneos/cmTC_8508c.build/Objects-normal/armv7/cmTC_8508c.LinkFileList -miphoneos-version-min=10.3 -dead_strip -Xlinker -object_path_lto -Xlinker /Users/readdle/Desktop/chromaprint-master2/build.iOS/CMakeFiles/CMakeTmp/CMAKE_TRY_COMPILE.build/Debug-iphoneos/cmTC_8508c.build/Objects-normal/armv7/cmTC_8508c_lto.o -Xlinker -no_deduplicate -fembed-bitcode-marker -Wl,-headerpad_max_install_names -lm -Xlinker -dependency_info -Xlinker /Users/readdle/Desktop/chromaprint-master2/build.iOS/CMakeFiles/CMakeTmp/CMAKE_TRY_COMPILE.build/Debug-iphoneos/cmTC_8508c.build/Objects-normal/armv7/cmTC_8508c_dependency_info.dat -o /Users/readdle/Desktop/chromaprint-master2/build.iOS/CMakeFiles/CMakeTmp/Debug/cmTC_8508c.app/cmTC_8508c
ld: warning: -headerpad_max_install_names is ignored when used with -bitcode_bundle (Xcode setting ENABLE_BITCODE=YES)

GenerateDSYMFile Debug/cmTC_8508c.app.dSYM Debug/cmTC_8508c.app/cmTC_8508c
    cd /Users/readdle/Desktop/chromaprint-master2/build.iOS/CMakeFiles/CMakeTmp
    export PATH="/Applications/Xcode.app/Contents/Developer/Platforms/iPhoneOS.platform/Developer/usr/bin:/Applications/Xcode.app/Contents/Developer/usr/bin:/usr/local/bin:/usr/bin:/bin:/usr/sbin:/sbin"
    /Applications/Xcode.app/Contents/Developer/Toolchains/XcodeDefault.xctoolchain/usr/bin/dsymutil /Users/readdle/Desktop/chromaprint-master2/build.iOS/CMakeFiles/CMakeTmp/Debug/cmTC_8508c.app/cmTC_8508c -o /Users/readdle/Desktop/chromaprint-master2/build.iOS/CMakeFiles/CMakeTmp/Debug/cmTC_8508c.app.dSYM

Touch Debug/cmTC_8508c.app
    cd /Users/readdle/Desktop/chromaprint-master2/build.iOS/CMakeFiles/CMakeTmp
    export PATH="/Applications/Xcode.app/Contents/Developer/Platforms/iPhoneOS.platform/Developer/usr/bin:/Applications/Xcode.app/Contents/Developer/usr/bin:/usr/local/bin:/usr/bin:/bin:/usr/sbin:/sbin"
    /usr/bin/touch -c /Users/readdle/Desktop/chromaprint-master2/build.iOS/CMakeFiles/CMakeTmp/Debug/cmTC_8508c.app

Validate Debug/cmTC_8508c.app
    cd /Users/readdle/Desktop/chromaprint-master2/build.iOS/CMakeFiles/CMakeTmp
    export PATH="/Applications/Xcode.app/Contents/Developer/Platforms/iPhoneOS.platform/Developer/usr/bin:/Applications/Xcode.app/Contents/Developer/usr/bin:/usr/local/bin:/usr/bin:/bin:/usr/sbin:/sbin"
    export PRODUCT_TYPE=com.apple.product-type.application
    builtin-validationUtility /Users/readdle/Desktop/chromaprint-master2/build.iOS/CMakeFiles/CMakeTmp/Debug/cmTC_8508c.app

** BUILD SUCCEEDED **



Determining if the function round exists passed with the following output:
Change Dir: /Users/readdle/Desktop/chromaprint-master2/build.iOS/CMakeFiles/CMakeTmp

Run Build Command:"/usr/bin/xcodebuild" "-project" "CMAKE_TRY_COMPILE.xcodeproj" "build" "-target" "cmTC_57938" "-configuration" "Debug"
=== BUILD TARGET cmTC_57938 OF PROJECT CMAKE_TRY_COMPILE WITH CONFIGURATION Debug ===

Check dependencies
"cmTC_57938" isn't code signed but requires entitlements. It is not possible to add entitlements to a binary without signing it.

Write auxiliary files
/bin/mkdir -p /Users/readdle/Desktop/chromaprint-master2/build.iOS/CMakeFiles/CMakeTmp/CMAKE_TRY_COMPILE.build/Debug-iphoneos/cmTC_57938.build/Objects-normal/armv7
write-file /Users/readdle/Desktop/chromaprint-master2/build.iOS/CMakeFiles/CMakeTmp/CMAKE_TRY_COMPILE.build/Debug-iphoneos/cmTC_57938.build/Objects-normal/armv7/cmTC_57938.LinkFileList

Create product structure
/bin/mkdir -p /Users/readdle/Desktop/chromaprint-master2/build.iOS/CMakeFiles/CMakeTmp/Debug/cmTC_57938.app

ProcessInfoPlistFile Debug/cmTC_57938.app/Info.plist CMakeFiles/cmTC_57938.dir/Info.plist
    cd /Users/readdle/Desktop/chromaprint-master2/build.iOS/CMakeFiles/CMakeTmp
    export PATH="/Applications/Xcode.app/Contents/Developer/Platforms/iPhoneOS.platform/Developer/usr/bin:/Applications/Xcode.app/Contents/Developer/usr/bin:/usr/local/bin:/usr/bin:/bin:/usr/sbin:/sbin"
    builtin-infoPlistUtility /Users/readdle/Desktop/chromaprint-master2/build.iOS/CMakeFiles/CMakeTmp/CMakeFiles/cmTC_57938.dir/Info.plist -genpkginfo /Users/readdle/Desktop/chromaprint-master2/build.iOS/CMakeFiles/CMakeTmp/Debug/cmTC_57938.app/PkgInfo -expandbuildsettings -format binary -platform iphoneos -o /Users/readdle/Desktop/chromaprint-master2/build.iOS/CMakeFiles/CMakeTmp/Debug/cmTC_57938.app/Info.plist

CompileC CMAKE_TRY_COMPILE.build/Debug-iphoneos/cmTC_57938.build/Objects-normal/armv7/CheckFunctionExists.o /usr/local/Cellar/cmake/3.8.2/share/cmake/Modules/CheckFunctionExists.c normal armv7 c com.apple.compilers.llvm.clang.1_0.compiler
    cd /Users/readdle/Desktop/chromaprint-master2/build.iOS/CMakeFiles/CMakeTmp
    export LANG=en_US.US-ASCII
    export PATH="/Applications/Xcode.app/Contents/Developer/Platforms/iPhoneOS.platform/Developer/usr/bin:/Applications/Xcode.app/Contents/Developer/usr/bin:/usr/local/bin:/usr/bin:/bin:/usr/sbin:/sbin"
    /Applications/Xcode.app/Contents/Developer/Toolchains/XcodeDefault.xctoolchain/usr/bin/clang -x c -arch armv7 -fmessage-length=0 -fdiagnostics-show-note-include-stack -fmacro-backtrace-limit=0 -Wno-trigraphs -fpascal-strings -O0 -Wno-missing-field-initializers -Wno-missing-prototypes -Wno-return-type -Wno-missing-braces -Wparentheses -Wswitch -Wno-unused-function -Wno-unused-label -Wno-unused-parameter -Wno-unused-variable -Wunused-value -Wno-empty-body -Wno-uninitialized -Wno-unknown-pragmas -Wno-shadow -Wno-four-char-constants -Wno-conversion -Wno-constant-conversion -Wno-int-conversion -Wno-bool-conversion -Wno-enum-conversion -Wno-shorten-64-to-32 -Wpointer-sign -Wno-newline-eof -DCMAKE_INTDIR=\"Debug-iphoneos\" -isysroot /Applications/Xcode.app/Contents/Developer/Platforms/iPhoneOS.platform/Developer/SDKs/iPhoneOS10.3.sdk -fstrict-aliasing -Wdeprecated-declarations -miphoneos-version-min=10.3 -g -Wno-sign-conversion -Wno-infinite-recursion -fembed-bitcode-marker -I/Users/readdle/Desktop/chromaprint-master2/build.iOS/CMakeFiles/CMakeTmp/Debug/include -I/Users/readdle/Desktop/chromaprint-master2/build.iOS/CMakeFiles/CMakeTmp/CMAKE_TRY_COMPILE.build/Debug-iphoneos/cmTC_57938.build/DerivedSources/armv7 -I/Users/readdle/Desktop/chromaprint-master2/build.iOS/CMakeFiles/CMakeTmp/CMAKE_TRY_COMPILE.build/Debug-iphoneos/cmTC_57938.build/DerivedSources -Wmost -Wno-four-char-constants -Wno-unknown-pragmas -F/Users/readdle/Desktop/chromaprint-master2/build.iOS/CMakeFiles/CMakeTmp/Debug -DCHECK_FUNCTION_EXISTS=round -MMD -MT dependencies -MF /Users/readdle/Desktop/chromaprint-master2/build.iOS/CMakeFiles/CMakeTmp/CMAKE_TRY_COMPILE.build/Debug-iphoneos/cmTC_57938.build/Objects-normal/armv7/CheckFunctionExists.d --serialize-diagnostics /Users/readdle/Desktop/chromaprint-master2/build.iOS/CMakeFiles/CMakeTmp/CMAKE_TRY_COMPILE.build/Debug-iphoneos/cmTC_57938.build/Objects-normal/armv7/CheckFunctionExists.dia -c /usr/local/Cellar/cmake/3.8.2/share/cmake/Modules/CheckFunctionExists.c -o /Users/readdle/Desktop/chromaprint-master2/build.iOS/CMakeFiles/CMakeTmp/CMAKE_TRY_COMPILE.build/Debug-iphoneos/cmTC_57938.build/Objects-normal/armv7/CheckFunctionExists.o
/usr/local/Cellar/cmake/3.8.2/share/cmake/Modules/CheckFunctionExists.c:7:3: warning: incompatible redeclaration of library function 'round' [-Wincompatible-library-redeclaration]
  CHECK_FUNCTION_EXISTS(void);
  ^
In file included from <built-in>:345:
<command line>:2:31: note: expanded from here
#define CHECK_FUNCTION_EXISTS round
                              ^
/usr/local/Cellar/cmake/3.8.2/share/cmake/Modules/CheckFunctionExists.c:7:3: note: 'round' is a builtin with type 'double (double)'
In file included from <built-in>:345:
<command line>:2:31: note: expanded from here
#define CHECK_FUNCTION_EXISTS round
                              ^
1 warning generated.

Ld Debug/cmTC_57938.app/cmTC_57938 normal armv7
    cd /Users/readdle/Desktop/chromaprint-master2/build.iOS/CMakeFiles/CMakeTmp
    export IPHONEOS_DEPLOYMENT_TARGET=10.3
    export PATH="/Applications/Xcode.app/Contents/Developer/Platforms/iPhoneOS.platform/Developer/usr/bin:/Applications/Xcode.app/Contents/Developer/usr/bin:/usr/local/bin:/usr/bin:/bin:/usr/sbin:/sbin"
    /Applications/Xcode.app/Contents/Developer/Toolchains/XcodeDefault.xctoolchain/usr/bin/clang -arch armv7 -isysroot /Applications/Xcode.app/Contents/Developer/Platforms/iPhoneOS.platform/Developer/SDKs/iPhoneOS10.3.sdk -L/Users/readdle/Desktop/chromaprint-master2/build.iOS/CMakeFiles/CMakeTmp/Debug -F/Users/readdle/Desktop/chromaprint-master2/build.iOS/CMakeFiles/CMakeTmp/Debug -filelist /Users/readdle/Desktop/chromaprint-master2/build.iOS/CMakeFiles/CMakeTmp/CMAKE_TRY_COMPILE.build/Debug-iphoneos/cmTC_57938.build/Objects-normal/armv7/cmTC_57938.LinkFileList -miphoneos-version-min=10.3 -dead_strip -Xlinker -object_path_lto -Xlinker /Users/readdle/Desktop/chromaprint-master2/build.iOS/CMakeFiles/CMakeTmp/CMAKE_TRY_COMPILE.build/Debug-iphoneos/cmTC_57938.build/Objects-normal/armv7/cmTC_57938_lto.o -Xlinker -no_deduplicate -fembed-bitcode-marker -Wl,-headerpad_max_install_names -lm -Xlinker -dependency_info -Xlinker /Users/readdle/Desktop/chromaprint-master2/build.iOS/CMakeFiles/CMakeTmp/CMAKE_TRY_COMPILE.build/Debug-iphoneos/cmTC_57938.build/Objects-normal/armv7/cmTC_57938_dependency_info.dat -o /Users/readdle/Desktop/chromaprint-master2/build.iOS/CMakeFiles/CMakeTmp/Debug/cmTC_57938.app/cmTC_57938
ld: warning: -headerpad_max_install_names is ignored when used with -bitcode_bundle (Xcode setting ENABLE_BITCODE=YES)

GenerateDSYMFile Debug/cmTC_57938.app.dSYM Debug/cmTC_57938.app/cmTC_57938
    cd /Users/readdle/Desktop/chromaprint-master2/build.iOS/CMakeFiles/CMakeTmp
    export PATH="/Applications/Xcode.app/Contents/Developer/Platforms/iPhoneOS.platform/Developer/usr/bin:/Applications/Xcode.app/Contents/Developer/usr/bin:/usr/local/bin:/usr/bin:/bin:/usr/sbin:/sbin"
    /Applications/Xcode.app/Contents/Developer/Toolchains/XcodeDefault.xctoolchain/usr/bin/dsymutil /Users/readdle/Desktop/chromaprint-master2/build.iOS/CMakeFiles/CMakeTmp/Debug/cmTC_57938.app/cmTC_57938 -o /Users/readdle/Desktop/chromaprint-master2/build.iOS/CMakeFiles/CMakeTmp/Debug/cmTC_57938.app.dSYM

Touch Debug/cmTC_57938.app
    cd /Users/readdle/Desktop/chromaprint-master2/build.iOS/CMakeFiles/CMakeTmp
    export PATH="/Applications/Xcode.app/Contents/Developer/Platforms/iPhoneOS.platform/Developer/usr/bin:/Applications/Xcode.app/Contents/Developer/usr/bin:/usr/local/bin:/usr/bin:/bin:/usr/sbin:/sbin"
    /usr/bin/touch -c /Users/readdle/Desktop/chromaprint-master2/build.iOS/CMakeFiles/CMakeTmp/Debug/cmTC_57938.app

Validate Debug/cmTC_57938.app
    cd /Users/readdle/Desktop/chromaprint-master2/build.iOS/CMakeFiles/CMakeTmp
    export PATH="/Applications/Xcode.app/Contents/Developer/Platforms/iPhoneOS.platform/Developer/usr/bin:/Applications/Xcode.app/Contents/Developer/usr/bin:/usr/local/bin:/usr/bin:/bin:/usr/sbin:/sbin"
    export PRODUCT_TYPE=com.apple.product-type.application
    builtin-validationUtility /Users/readdle/Desktop/chromaprint-master2/build.iOS/CMakeFiles/CMakeTmp/Debug/cmTC_57938.app

** BUILD SUCCEEDED **



